{
  "stats": {
    "suites": 1,
    "tests": 1,
    "passes": 0,
    "pending": 0,
    "failures": 1,
    "start": "2022-04-09T01:58:14.584Z",
    "end": "2022-04-09T01:59:14.931Z",
    "duration": 60347,
    "testsRegistered": 1,
    "passPercent": 0,
    "pendingPercent": 0,
    "other": 0,
    "hasOther": false,
    "skipped": 0,
    "hasSkipped": false
  },
  "results": [
    {
      "uuid": "e51890b0-4fe3-4310-b40b-e9f5206b5b8e",
      "title": "",
      "fullFile": "cypress/tests/careers.spec.js",
      "file": "cypress/tests/careers.spec.js",
      "beforeHooks": [],
      "afterHooks": [],
      "tests": [],
      "suites": [
        {
          "uuid": "d5432915-092c-4d33-93fe-3b5eb3511d1d",
          "title": "Careers Module Tests",
          "fullFile": "",
          "file": "",
          "beforeHooks": [],
          "afterHooks": [],
          "tests": [
            {
              "title": "Test Case 4: Print in the console the list with available positions by city",
              "fullTitle": "Careers Module Tests Test Case 4: Print in the console the list with available positions by city",
              "timedOut": null,
              "duration": 60239,
              "state": "failed",
              "speed": null,
              "pass": false,
              "fail": true,
              "pending": false,
              "context": "{\n  \"title\": \"cypress-mochawesome-reporter-screenshots\",\n  \"value\": [\n    [\n      {\n        \"title\": \"Failed screenshot\",\n        \"value\": \"/careers.spec.js/Careers Module Tests -- Test Case 4 Print in the console the list with available positions by city -- before each hook Navigate to HomePage (failed).png\"\n      }\n    ]\n  ]\n}",
              "code": "_Landing.landingPage.navigateToCareersPage();\n_Careers.careersPage.navigateToJoinUsPage();\n_JoinUs.joinUsPage.listOpenPositionsWithCountry(\"Sofia\");\n_JoinUs.joinUsPage.listOpenPositionsWithCountry(\"Skopje\");",
              "err": {
                "message": "CypressError: Timed out after waiting `60000ms` for your remote page to load.\n\nYour page did not fire its `load` event within `60000ms`.\n\nYou can try increasing the `pageLoadTimeout` value in `/media/moaz/DATA/Test/musala-challenge/cypress.json` to wait longer.\n\nBrowsers will not fire the `load` event until all stylesheets and scripts are done downloading.\n\nWhen this `load` event occurs, Cypress will continue running commands.\n\nBecause this error occurred during a `before each` hook we are skipping the remaining tests in the current suite: `Careers Module Tests`",
                "estack": "CypressError: Timed out after waiting `60000ms` for your remote page to load.\n\nYour page did not fire its `load` event within `60000ms`.\n\nYou can try increasing the `pageLoadTimeout` value in `/media/moaz/DATA/Test/musala-challenge/cypress.json` to wait longer.\n\nBrowsers will not fire the `load` event until all stylesheets and scripts are done downloading.\n\nWhen this `load` event occurs, Cypress will continue running commands.\n\nBecause this error occurred during a `before each` hook we are skipping the remaining tests in the current suite: `Careers Module Tests`\n    at timedOutWaitingForPageLoad (https://www.musala.com/__cypress/runner/cypress_runner.js:158301:72)\n    at https://www.musala.com/__cypress/runner/cypress_runner.js:159354:16\n    at tryCatcher (https://www.musala.com/__cypress/runner/cypress_runner.js:13022:23)\n    at https://www.musala.com/__cypress/runner/cypress_runner.js:8144:41\n    at tryCatcher (https://www.musala.com/__cypress/runner/cypress_runner.js:13022:23)\n    at Promise._settlePromiseFromHandler (https://www.musala.com/__cypress/runner/cypress_runner.js:10957:31)\n    at Promise._settlePromise (https://www.musala.com/__cypress/runner/cypress_runner.js:11014:18)\n    at Promise._settlePromise0 (https://www.musala.com/__cypress/runner/cypress_runner.js:11059:10)\n    at Promise._settlePromises (https://www.musala.com/__cypress/runner/cypress_runner.js:11135:18)\n    at _drainQueueStep (https://www.musala.com/__cypress/runner/cypress_runner.js:7729:12)\n    at _drainQueue (https://www.musala.com/__cypress/runner/cypress_runner.js:7722:9)\n    at Async.../../node_modules/bluebird/js/release/async.js.Async._drainQueues (https://www.musala.com/__cypress/runner/cypress_runner.js:7738:5)\n    at Async.drainQueues (https://www.musala.com/__cypress/runner/cypress_runner.js:7608:14)\nFrom Your Spec Code:\n    at Context.eval (https://www.musala.com/__cypress/tests?p=cypress/tests/careers.spec.js:398:8)",
                "diff": null
              },
              "uuid": "144a8845-f111-46a4-bd35-d59658027022",
              "parentUUID": "d5432915-092c-4d33-93fe-3b5eb3511d1d",
              "isHook": false,
              "skipped": false
            }
          ],
          "suites": [],
          "passes": [],
          "failures": [
            "144a8845-f111-46a4-bd35-d59658027022"
          ],
          "pending": [],
          "skipped": [],
          "duration": 60239,
          "root": false,
          "rootEmpty": false,
          "_timeout": 2000
        }
      ],
      "passes": [],
      "failures": [],
      "pending": [],
      "skipped": [],
      "duration": 0,
      "root": true,
      "rootEmpty": true,
      "_timeout": 2000
    }
  ],
  "meta": {
    "mocha": {
      "version": "7.0.1"
    },
    "mochawesome": {
      "options": {
        "quiet": false,
        "reportFilename": "mochawesome",
        "saveHtml": false,
        "saveJson": true,
        "consoleReporter": "spec",
        "useInlineDiffs": false,
        "code": true
      },
      "version": "7.1.3"
    },
    "marge": {
      "options": {
        "id": "default",
        "reportDir": "cypress/reports/mocha",
        "quite": true,
        "overwrite": false,
        "html": false,
        "json": true
      },
      "version": "6.2.0"
    }
  }
}