{
  "stats": {
    "suites": 1,
    "tests": 1,
    "passes": 1,
    "pending": 0,
    "failures": 0,
    "start": "2022-04-09T02:00:38.793Z",
    "end": "2022-04-09T02:01:23.550Z",
    "duration": 44757,
    "testsRegistered": 1,
    "passPercent": 100,
    "pendingPercent": 0,
    "other": 0,
    "hasOther": false,
    "skipped": 0,
    "hasSkipped": false
  },
  "results": [
    {
      "uuid": "96ca996f-ff8b-4208-9c6d-a00970e24ff2",
      "title": "",
      "fullFile": "cypress/tests/contactForm.spec.js",
      "file": "cypress/tests/contactForm.spec.js",
      "beforeHooks": [],
      "afterHooks": [],
      "tests": [],
      "suites": [
        {
          "uuid": "02f71856-fc98-42ef-8e2e-8275717ee794",
          "title": "Contact Form Tests",
          "fullFile": "",
          "file": "",
          "beforeHooks": [],
          "afterHooks": [],
          "tests": [
            {
              "title": "Test Case 1: Should shows error message when invalid email format is provided",
              "fullTitle": "Contact Form Tests Test Case 1: Should shows error message when invalid email format is provided",
              "timedOut": null,
              "duration": 44694,
              "state": "passed",
              "speed": "slow",
              "pass": true,
              "fail": false,
              "pending": false,
              "context": null,
              "code": "_Landing.landingPage.fillInContactUsForm(\"invalidFormat.com\");\n_Landing.landingPage.Selectors.getEmailValidationMessage().should(\"be.visible\");",
              "err": {},
              "uuid": "c4a4a7bb-a39c-46ee-8ae4-2c4d1acc787d",
              "parentUUID": "02f71856-fc98-42ef-8e2e-8275717ee794",
              "isHook": false,
              "skipped": false
            }
          ],
          "suites": [],
          "passes": [
            "c4a4a7bb-a39c-46ee-8ae4-2c4d1acc787d"
          ],
          "failures": [],
          "pending": [],
          "skipped": [],
          "duration": 44694,
          "root": false,
          "rootEmpty": false,
          "_timeout": 2000
        }
      ],
      "passes": [],
      "failures": [],
      "pending": [],
      "skipped": [],
      "duration": 0,
      "root": true,
      "rootEmpty": true,
      "_timeout": 2000
    }
  ],
  "meta": {
    "mocha": {
      "version": "7.0.1"
    },
    "mochawesome": {
      "options": {
        "quiet": false,
        "reportFilename": "mochawesome",
        "saveHtml": false,
        "saveJson": true,
        "consoleReporter": "spec",
        "useInlineDiffs": false,
        "code": true
      },
      "version": "7.1.3"
    },
    "marge": {
      "options": {
        "id": "default",
        "reportDir": "cypress/reports/mocha",
        "quite": true,
        "overwrite": false,
        "html": false,
        "json": true
      },
      "version": "6.2.0"
    }
  }
}