{
  "stats": {
    "suites": 1,
    "tests": 1,
    "passes": 1,
    "pending": 0,
    "failures": 0,
    "start": "2022-04-09T02:49:30.508Z",
    "end": "2022-04-09T02:49:52.588Z",
    "duration": 22080,
    "testsRegistered": 1,
    "passPercent": 100,
    "pendingPercent": 0,
    "other": 0,
    "hasOther": false,
    "skipped": 0,
    "hasSkipped": false
  },
  "results": [
    {
      "uuid": "c7510965-ec94-464f-a6da-d1b230f7cc79",
      "title": "",
      "fullFile": "cypress/tests/contactForm.spec.js",
      "file": "cypress/tests/contactForm.spec.js",
      "beforeHooks": [],
      "afterHooks": [],
      "tests": [],
      "suites": [
        {
          "uuid": "44d54982-0f1f-47cc-a48f-f4f3277254c9",
          "title": "Contact Form Tests",
          "fullFile": "",
          "file": "",
          "beforeHooks": [],
          "afterHooks": [],
          "tests": [
            {
              "title": "Test Case 1: Should shows error message when invalid email format is provided",
              "fullTitle": "Contact Form Tests Test Case 1: Should shows error message when invalid email format is provided",
              "timedOut": null,
              "duration": 22023,
              "state": "passed",
              "speed": "slow",
              "pass": true,
              "fail": false,
              "pending": false,
              "context": null,
              "code": "_Landing.landingPage.fillInContactUsForm(\"invalidFormat.com\");\n_Landing.landingPage.Selectors.getEmailValidationMessage().should(\"be.visible\");",
              "err": {},
              "uuid": "7431cf87-0c6f-42e1-b52e-448a0070ab17",
              "parentUUID": "44d54982-0f1f-47cc-a48f-f4f3277254c9",
              "isHook": false,
              "skipped": false
            }
          ],
          "suites": [],
          "passes": [
            "7431cf87-0c6f-42e1-b52e-448a0070ab17"
          ],
          "failures": [],
          "pending": [],
          "skipped": [],
          "duration": 22023,
          "root": false,
          "rootEmpty": false,
          "_timeout": 2000
        }
      ],
      "passes": [],
      "failures": [],
      "pending": [],
      "skipped": [],
      "duration": 0,
      "root": true,
      "rootEmpty": true,
      "_timeout": 2000
    }
  ],
  "meta": {
    "mocha": {
      "version": "7.0.1"
    },
    "mochawesome": {
      "options": {
        "quiet": false,
        "reportFilename": "mochawesome",
        "saveHtml": false,
        "saveJson": true,
        "consoleReporter": "spec",
        "useInlineDiffs": false,
        "code": true
      },
      "version": "7.1.3"
    },
    "marge": {
      "options": {
        "reporterEnabled": "mochawesome",
        "screenshotsFolder": "./cypress/snapshots/actual",
        "trashAssetsBeforeRuns": true,
        "reportDir": "cypress/reports/.jsons",
        "quite": true,
        "overwrite": false,
        "html": false,
        "json": true
      },
      "version": "6.2.0"
    }
  }
}