{
  "stats": {
    "suites": 1,
    "tests": 1,
    "passes": 1,
    "pending": 0,
    "failures": 0,
    "start": "2022-04-09T02:54:19.502Z",
    "end": "2022-04-09T02:55:43.131Z",
    "duration": 83629,
    "testsRegistered": 1,
    "passPercent": 100,
    "pendingPercent": 0,
    "other": 0,
    "hasOther": false,
    "skipped": 0,
    "hasSkipped": false
  },
  "results": [
    {
      "uuid": "0a97379c-bdc5-4e3e-af1b-93c9b3fa5c3b",
      "title": "",
      "fullFile": "cypress/tests/careers.spec.js",
      "file": "cypress/tests/careers.spec.js",
      "beforeHooks": [],
      "afterHooks": [],
      "tests": [],
      "suites": [
        {
          "uuid": "ca5130f1-998f-4253-a78b-77f00c325704",
          "title": "Careers Module Tests",
          "fullFile": "",
          "file": "",
          "beforeHooks": [],
          "afterHooks": [],
          "tests": [
            {
              "title": "Test Case 4: Print in the console the list with available positions by city",
              "fullTitle": "Careers Module Tests Test Case 4: Print in the console the list with available positions by city",
              "timedOut": null,
              "duration": 83137,
              "state": "passed",
              "speed": "slow",
              "pass": true,
              "fail": false,
              "pending": false,
              "context": null,
              "code": "_Landing.landingPage.navigateToCareersPage();\n_Careers.careersPage.navigateToJoinUsPage();\n_JoinUs.joinUsPage.listOpenPositionsWithCountry(\"Sofia\");\n_JoinUs.joinUsPage.listOpenPositionsWithCountry(\"Skopje\");",
              "err": {},
              "uuid": "faa0ac3c-46f7-420b-9b59-d7e2ef69e3b0",
              "parentUUID": "ca5130f1-998f-4253-a78b-77f00c325704",
              "isHook": false,
              "skipped": false
            }
          ],
          "suites": [],
          "passes": [
            "faa0ac3c-46f7-420b-9b59-d7e2ef69e3b0"
          ],
          "failures": [],
          "pending": [],
          "skipped": [],
          "duration": 83137,
          "root": false,
          "rootEmpty": false,
          "_timeout": 2000
        }
      ],
      "passes": [],
      "failures": [],
      "pending": [],
      "skipped": [],
      "duration": 0,
      "root": true,
      "rootEmpty": true,
      "_timeout": 2000
    }
  ],
  "meta": {
    "mocha": {
      "version": "7.0.1"
    },
    "mochawesome": {
      "options": {
        "quiet": false,
        "reportFilename": "mochawesome",
        "saveHtml": false,
        "saveJson": true,
        "consoleReporter": "spec",
        "useInlineDiffs": false,
        "code": true
      },
      "version": "7.1.3"
    },
    "marge": {
      "options": {
        "reporterEnabled": "mochawesome",
        "inlineAssets": true,
        "screenshotsFolder": "./cypress/snapshots/actual",
        "trashAssetsBeforeRuns": true,
        "reportDir": "cypress/reports/.jsons",
        "quite": true,
        "overwrite": false,
        "html": false,
        "json": true,
        "charts": true
      },
      "version": "6.2.0"
    }
  }
}