{
  "stats": {
    "suites": 1,
    "tests": 1,
    "passes": 1,
    "pending": 0,
    "failures": 0,
    "start": "2022-04-09T02:46:46.300Z",
    "end": "2022-04-09T02:48:01.508Z",
    "duration": 75208,
    "testsRegistered": 1,
    "passPercent": 100,
    "pendingPercent": 0,
    "other": 0,
    "hasOther": false,
    "skipped": 0,
    "hasSkipped": false
  },
  "results": [
    {
      "uuid": "0b5a63b1-744a-4ef6-b16f-0afda0891afe",
      "title": "",
      "fullFile": "cypress/tests/careers.spec.js",
      "file": "cypress/tests/careers.spec.js",
      "beforeHooks": [],
      "afterHooks": [],
      "tests": [],
      "suites": [
        {
          "uuid": "6d51d3d8-a40a-4214-8959-60101c3bd1ec",
          "title": "Careers Module Tests",
          "fullFile": "",
          "file": "",
          "beforeHooks": [],
          "afterHooks": [],
          "tests": [
            {
              "title": "Test Case 4: Print in the console the list with available positions by city",
              "fullTitle": "Careers Module Tests Test Case 4: Print in the console the list with available positions by city",
              "timedOut": null,
              "duration": 74741,
              "state": "passed",
              "speed": "slow",
              "pass": true,
              "fail": false,
              "pending": false,
              "context": null,
              "code": "_Landing.landingPage.navigateToCareersPage();\n_Careers.careersPage.navigateToJoinUsPage();\n_JoinUs.joinUsPage.listOpenPositionsWithCountry(\"Sofia\");\n_JoinUs.joinUsPage.listOpenPositionsWithCountry(\"Skopje\");",
              "err": {},
              "uuid": "a3cc100f-9d3c-43c3-8637-50bb14dd5255",
              "parentUUID": "6d51d3d8-a40a-4214-8959-60101c3bd1ec",
              "isHook": false,
              "skipped": false
            }
          ],
          "suites": [],
          "passes": [
            "a3cc100f-9d3c-43c3-8637-50bb14dd5255"
          ],
          "failures": [],
          "pending": [],
          "skipped": [],
          "duration": 74741,
          "root": false,
          "rootEmpty": false,
          "_timeout": 2000
        }
      ],
      "passes": [],
      "failures": [],
      "pending": [],
      "skipped": [],
      "duration": 0,
      "root": true,
      "rootEmpty": true,
      "_timeout": 2000
    }
  ],
  "meta": {
    "mocha": {
      "version": "7.0.1"
    },
    "mochawesome": {
      "options": {
        "quiet": false,
        "reportFilename": "mochawesome",
        "saveHtml": false,
        "saveJson": true,
        "consoleReporter": "spec",
        "useInlineDiffs": false,
        "code": true
      },
      "version": "7.1.3"
    },
    "marge": {
      "options": {
        "reporterEnabled": "mochawesome",
        "screenshotsFolder": "./cypress/snapshots/actual",
        "trashAssetsBeforeRuns": true,
        "reportDir": "cypress/reports/.jsons",
        "quite": true,
        "overwrite": false,
        "html": false,
        "json": true
      },
      "version": "6.2.0"
    }
  }
}