{
  "stats": {
    "suites": 1,
    "tests": 1,
    "passes": 0,
    "pending": 0,
    "failures": 1,
    "start": "2022-04-09T02:57:18.726Z",
    "end": "2022-04-09T02:57:46.231Z",
    "duration": 27505,
    "testsRegistered": 1,
    "passPercent": 0,
    "pendingPercent": 0,
    "other": 0,
    "hasOther": false,
    "skipped": 0,
    "hasSkipped": false
  },
  "results": [
    {
      "uuid": "fe9cd178-beba-4896-b8e9-63f760499018",
      "title": "",
      "fullFile": "cypress/tests/contactForm.spec.js",
      "file": "cypress/tests/contactForm.spec.js",
      "beforeHooks": [],
      "afterHooks": [],
      "tests": [],
      "suites": [
        {
          "uuid": "d6017a2c-798d-4916-9089-9f6050c78f71",
          "title": "Contact Form Tests",
          "fullFile": "",
          "file": "",
          "beforeHooks": [],
          "afterHooks": [],
          "tests": [
            {
              "title": "Test Case 1: Should shows error message when invalid email format is provided",
              "fullTitle": "Contact Form Tests Test Case 1: Should shows error message when invalid email format is provided",
              "timedOut": null,
              "duration": 27387,
              "state": "failed",
              "speed": null,
              "pass": false,
              "fail": true,
              "pending": false,
              "context": "{\n  \"title\": \"cypress-mochawesome-reporter-screenshots\",\n  \"value\": [\n    [\n      {\n        \"title\": \"Failed screenshot\",\n        \"value\": \"/contactForm.spec.js/Contact Form Tests -- Test Case 1 Should shows error message when invalid email format is provided (failed).png\"\n      }\n    ]\n  ]\n}",
              "code": "_Landing.landingPage.fillInContactUsForm(\"invalidFormat.com\");\n_Landing.landingPage.Selectors.getEmailValidationMessage().should(\"be.visible\");",
              "err": {
                "message": "AssertionError: Timed out retrying after 4000ms: Expected to find content: 'The e-mail address entered is invalid.' within the selector: 'span' but never did.",
                "estack": "AssertionError: Timed out retrying after 4000ms: Expected to find content: 'The e-mail address entered is invalid.' within the selector: 'span' but never did.\n    at Context.eval (https://www.musala.com/__cypress/tests?p=cypress/tests/contactForm.spec.js:275:64)",
                "diff": null
              },
              "uuid": "7746ff14-5867-474f-bbba-09d6f4442058",
              "parentUUID": "d6017a2c-798d-4916-9089-9f6050c78f71",
              "isHook": false,
              "skipped": false
            }
          ],
          "suites": [],
          "passes": [],
          "failures": [
            "7746ff14-5867-474f-bbba-09d6f4442058"
          ],
          "pending": [],
          "skipped": [],
          "duration": 27387,
          "root": false,
          "rootEmpty": false,
          "_timeout": 2000
        }
      ],
      "passes": [],
      "failures": [],
      "pending": [],
      "skipped": [],
      "duration": 0,
      "root": true,
      "rootEmpty": true,
      "_timeout": 2000
    }
  ],
  "meta": {
    "mocha": {
      "version": "7.0.1"
    },
    "mochawesome": {
      "options": {
        "quiet": false,
        "reportFilename": "mochawesome",
        "saveHtml": false,
        "saveJson": true,
        "consoleReporter": "spec",
        "useInlineDiffs": false,
        "code": true
      },
      "version": "7.1.3"
    },
    "marge": {
      "options": {
        "reporterEnabled": "mochawesome",
        "inlineAssets": true,
        "screenshotsFolder": "./cypress/snapshots/actual",
        "trashAssetsBeforeRuns": true,
        "reportDir": "cypress/reports/.jsons",
        "quite": true,
        "overwrite": false,
        "html": false,
        "json": true,
        "charts": true
      },
      "version": "6.2.0"
    }
  }
}