{
  "stats": {
    "suites": 1,
    "tests": 1,
    "passes": 0,
    "pending": 0,
    "failures": 1,
    "start": "2022-04-09T02:48:15.502Z",
    "end": "2022-04-09T02:49:15.887Z",
    "duration": 60385,
    "testsRegistered": 1,
    "passPercent": 0,
    "pendingPercent": 0,
    "other": 0,
    "hasOther": false,
    "skipped": 0,
    "hasSkipped": false
  },
  "results": [
    {
      "uuid": "73c2811b-fef1-4a0b-8131-be7289d6bf7d",
      "title": "",
      "fullFile": "cypress/tests/companyModule.spec.js",
      "file": "cypress/tests/companyModule.spec.js",
      "beforeHooks": [],
      "afterHooks": [],
      "tests": [],
      "suites": [
        {
          "uuid": "dfd6fcd6-db89-424c-a65a-90f16525538e",
          "title": "Company Module Tests",
          "fullFile": "",
          "file": "",
          "beforeHooks": [],
          "afterHooks": [],
          "tests": [
            {
              "title": "Test Case 2: Should load /company url",
              "fullTitle": "Company Module Tests Test Case 2: Should load /company url",
              "timedOut": null,
              "duration": 60295,
              "state": "failed",
              "speed": null,
              "pass": false,
              "fail": true,
              "pending": false,
              "context": "{\n  \"title\": \"cypress-mochawesome-reporter-screenshots\",\n  \"value\": [\n    [\n      {\n        \"title\": \"Failed screenshot\",\n        \"value\": \"/companyModule.spec.js/Company Module Tests -- Test Case 2 Should load company url -- before each hook Navigate to HomePage (failed).png\"\n      }\n    ]\n  ]\n}",
              "code": "_Landing.landingPage.navigateToCompanyPage();\ncy.url().should(\"eq\", \"https://www.musala.com/company/\");\n_Company.companyPage.Selectors.leadershipSection().should(\"be.visible\");\n_Company.companyPage.navigateToMusalaFacebookPage();\ncy.url().should(\"eq\", \"https://www.facebook.com/MusalaSoft?fref=ts\");\n_MusalaFacebook.musalaFacebookPage.validateMusalaProfilePicture();",
              "err": {
                "message": "CypressError: Timed out after waiting `60000ms` for your remote page to load.\n\nYour page did not fire its `load` event within `60000ms`.\n\nYou can try increasing the `pageLoadTimeout` value in `/media/moaz/DATA/Test/musala-challenge/cypress.json` to wait longer.\n\nBrowsers will not fire the `load` event until all stylesheets and scripts are done downloading.\n\nWhen this `load` event occurs, Cypress will continue running commands.\n\nBecause this error occurred during a `before each` hook we are skipping the remaining tests in the current suite: `Company Module Tests`",
                "estack": "CypressError: Timed out after waiting `60000ms` for your remote page to load.\n\nYour page did not fire its `load` event within `60000ms`.\n\nYou can try increasing the `pageLoadTimeout` value in `/media/moaz/DATA/Test/musala-challenge/cypress.json` to wait longer.\n\nBrowsers will not fire the `load` event until all stylesheets and scripts are done downloading.\n\nWhen this `load` event occurs, Cypress will continue running commands.\n\nBecause this error occurred during a `before each` hook we are skipping the remaining tests in the current suite: `Company Module Tests`\n    at timedOutWaitingForPageLoad (https://www.musala.com/__cypress/runner/cypress_runner.js:158301:72)\n    at https://www.musala.com/__cypress/runner/cypress_runner.js:159354:16\n    at tryCatcher (https://www.musala.com/__cypress/runner/cypress_runner.js:13022:23)\n    at https://www.musala.com/__cypress/runner/cypress_runner.js:8144:41\n    at tryCatcher (https://www.musala.com/__cypress/runner/cypress_runner.js:13022:23)\n    at Promise._settlePromiseFromHandler (https://www.musala.com/__cypress/runner/cypress_runner.js:10957:31)\n    at Promise._settlePromise (https://www.musala.com/__cypress/runner/cypress_runner.js:11014:18)\n    at Promise._settlePromise0 (https://www.musala.com/__cypress/runner/cypress_runner.js:11059:10)\n    at Promise._settlePromises (https://www.musala.com/__cypress/runner/cypress_runner.js:11135:18)\n    at _drainQueueStep (https://www.musala.com/__cypress/runner/cypress_runner.js:7729:12)\n    at _drainQueue (https://www.musala.com/__cypress/runner/cypress_runner.js:7722:9)\n    at Async.../../node_modules/bluebird/js/release/async.js.Async._drainQueues (https://www.musala.com/__cypress/runner/cypress_runner.js:7738:5)\n    at Async.drainQueues (https://www.musala.com/__cypress/runner/cypress_runner.js:7608:14)\nFrom Your Spec Code:\n    at Context.eval (https://www.musala.com/__cypress/tests?p=cypress/tests/companyModule.spec.js:358:8)",
                "diff": null
              },
              "uuid": "ebfe6332-1bdf-4a61-8ae8-d74ec2ebb849",
              "parentUUID": "dfd6fcd6-db89-424c-a65a-90f16525538e",
              "isHook": false,
              "skipped": false
            }
          ],
          "suites": [],
          "passes": [],
          "failures": [
            "ebfe6332-1bdf-4a61-8ae8-d74ec2ebb849"
          ],
          "pending": [],
          "skipped": [],
          "duration": 60295,
          "root": false,
          "rootEmpty": false,
          "_timeout": 2000
        }
      ],
      "passes": [],
      "failures": [],
      "pending": [],
      "skipped": [],
      "duration": 0,
      "root": true,
      "rootEmpty": true,
      "_timeout": 2000
    }
  ],
  "meta": {
    "mocha": {
      "version": "7.0.1"
    },
    "mochawesome": {
      "options": {
        "quiet": false,
        "reportFilename": "mochawesome",
        "saveHtml": false,
        "saveJson": true,
        "consoleReporter": "spec",
        "useInlineDiffs": false,
        "code": true
      },
      "version": "7.1.3"
    },
    "marge": {
      "options": {
        "reporterEnabled": "mochawesome",
        "screenshotsFolder": "./cypress/snapshots/actual",
        "trashAssetsBeforeRuns": true,
        "reportDir": "cypress/reports/.jsons",
        "quite": true,
        "overwrite": false,
        "html": false,
        "json": true
      },
      "version": "6.2.0"
    }
  }
}