{
  "stats": {
    "suites": 1,
    "tests": 1,
    "passes": 0,
    "pending": 0,
    "failures": 1,
    "start": "2022-04-09T02:27:09.643Z",
    "end": "2022-04-09T02:28:09.974Z",
    "duration": 60331,
    "testsRegistered": 1,
    "passPercent": 0,
    "pendingPercent": 0,
    "other": 0,
    "hasOther": false,
    "skipped": 0,
    "hasSkipped": false
  },
  "results": [
    {
      "uuid": "1585a51e-a664-4df9-b507-31bbc3dc2b12",
      "title": "",
      "fullFile": "cypress/tests/contactForm.spec.js",
      "file": "cypress/tests/contactForm.spec.js",
      "beforeHooks": [],
      "afterHooks": [],
      "tests": [],
      "suites": [
        {
          "uuid": "09b55913-c6b5-4d20-b1f2-05a7827ef7b3",
          "title": "Contact Form Tests",
          "fullFile": "",
          "file": "",
          "beforeHooks": [],
          "afterHooks": [],
          "tests": [
            {
              "title": "Test Case 1: Should shows error message when invalid email format is provided",
              "fullTitle": "Contact Form Tests Test Case 1: Should shows error message when invalid email format is provided",
              "timedOut": null,
              "duration": 60252,
              "state": "failed",
              "speed": null,
              "pass": false,
              "fail": true,
              "pending": false,
              "context": "{\n  \"title\": \"cypress-mochawesome-reporter-screenshots\",\n  \"value\": [\n    [\n      {\n        \"title\": \"Failed screenshot\",\n        \"value\": \"/contactForm.spec.js/Contact Form Tests -- Test Case 1 Should shows error message when invalid email format is provided -- before each hook Visit Musala HomePage (failed).png\"\n      }\n    ]\n  ]\n}",
              "code": "_Landing.landingPage.fillInContactUsForm(\"invalidFormat.com\");\n_Landing.landingPage.Selectors.getEmailValidationMessage().should(\"be.visible\");",
              "err": {
                "message": "CypressError: Timed out after waiting `60000ms` for your remote page to load.\n\nYour page did not fire its `load` event within `60000ms`.\n\nYou can try increasing the `pageLoadTimeout` value in `/media/moaz/DATA/Test/musala-challenge/cypress.json` to wait longer.\n\nBrowsers will not fire the `load` event until all stylesheets and scripts are done downloading.\n\nWhen this `load` event occurs, Cypress will continue running commands.\n\nBecause this error occurred during a `before each` hook we are skipping the remaining tests in the current suite: `Contact Form Tests`",
                "estack": "CypressError: Timed out after waiting `60000ms` for your remote page to load.\n\nYour page did not fire its `load` event within `60000ms`.\n\nYou can try increasing the `pageLoadTimeout` value in `/media/moaz/DATA/Test/musala-challenge/cypress.json` to wait longer.\n\nBrowsers will not fire the `load` event until all stylesheets and scripts are done downloading.\n\nWhen this `load` event occurs, Cypress will continue running commands.\n\nBecause this error occurred during a `before each` hook we are skipping the remaining tests in the current suite: `Contact Form Tests`\n    at timedOutWaitingForPageLoad (https://www.musala.com/__cypress/runner/cypress_runner.js:158301:72)\n    at https://www.musala.com/__cypress/runner/cypress_runner.js:159354:16\n    at tryCatcher (https://www.musala.com/__cypress/runner/cypress_runner.js:13022:23)\n    at https://www.musala.com/__cypress/runner/cypress_runner.js:8144:41\n    at tryCatcher (https://www.musala.com/__cypress/runner/cypress_runner.js:13022:23)\n    at Promise._settlePromiseFromHandler (https://www.musala.com/__cypress/runner/cypress_runner.js:10957:31)\n    at Promise._settlePromise (https://www.musala.com/__cypress/runner/cypress_runner.js:11014:18)\n    at Promise._settlePromise0 (https://www.musala.com/__cypress/runner/cypress_runner.js:11059:10)\n    at Promise._settlePromises (https://www.musala.com/__cypress/runner/cypress_runner.js:11135:18)\n    at _drainQueueStep (https://www.musala.com/__cypress/runner/cypress_runner.js:7729:12)\n    at _drainQueue (https://www.musala.com/__cypress/runner/cypress_runner.js:7722:9)\n    at Async.../../node_modules/bluebird/js/release/async.js.Async._drainQueues (https://www.musala.com/__cypress/runner/cypress_runner.js:7738:5)\n    at Async.drainQueues (https://www.musala.com/__cypress/runner/cypress_runner.js:7608:14)\nFrom Your Spec Code:\n    at Context.eval (https://www.musala.com/__cypress/tests?p=cypress/tests/contactForm.spec.js:270:8)",
                "diff": null
              },
              "uuid": "860d5b06-2125-435f-a971-c8ee830215cc",
              "parentUUID": "09b55913-c6b5-4d20-b1f2-05a7827ef7b3",
              "isHook": false,
              "skipped": false
            }
          ],
          "suites": [],
          "passes": [],
          "failures": [
            "860d5b06-2125-435f-a971-c8ee830215cc"
          ],
          "pending": [],
          "skipped": [],
          "duration": 60252,
          "root": false,
          "rootEmpty": false,
          "_timeout": 2000
        }
      ],
      "passes": [],
      "failures": [],
      "pending": [],
      "skipped": [],
      "duration": 0,
      "root": true,
      "rootEmpty": true,
      "_timeout": 2000
    }
  ],
  "meta": {
    "mocha": {
      "version": "7.0.1"
    },
    "mochawesome": {
      "options": {
        "quiet": false,
        "reportFilename": "mochawesome",
        "saveHtml": true,
        "saveJson": true,
        "consoleReporter": "spec",
        "useInlineDiffs": false,
        "code": true
      },
      "version": "7.1.3"
    },
    "marge": {
      "options": {
        "reporterEnabled": "mochawesome",
        "screenshotsFolder": "./cypress/snapshots/actual",
        "trashAssetsBeforeRuns": true,
        "mochawesomeReporterOptions": {
          "reportDir": "cypress/reports",
          "quite": true,
          "overwrite": false,
          "html": false,
          "json": true
        }
      },
      "version": "6.2.0"
    }
  }
}